[09:58:22] [ServerMain/INFO]: [bootstrap] Running Java 21 (Java HotSpot(TM) 64-Bit Server VM 21.0.5+9-LTS-239; Oracle Corporation null) on Windows 11 10.0 (amd64)
[09:58:22] [ServerMain/INFO]: [bootstrap] Loading Paper 1.21.4-182-main@fc56c72 (2025-02-25T21:29:31Z) for Minecraft 1.21.4
[09:58:23] [ServerMain/INFO]: [PluginInitializerManager] Initializing plugins...
[09:58:24] [ServerMain/INFO]: [PluginInitializerManager] Initialized 0 plugins
[09:58:32] [ServerMain/INFO]: Environment: Environment[sessionHost=https://sessionserver.mojang.com, servicesHost=https://api.minecraftservices.com, name=PROD]
[09:58:32] [ServerMain/INFO]: Found new data pack file/bukkit, loading it automatically
[09:58:32] [ServerMain/INFO]: Found new data pack paper, loading it automatically
[09:58:34] [ServerMain/INFO]: No existing world data, creating new world
[09:58:35] [ServerMain/INFO]: Loaded 1370 recipes
[09:58:36] [ServerMain/INFO]: Loaded 1481 advancements
[09:58:36] [ServerMain/INFO]: [MCTypeRegistry] Initialising converters for DataConverter...
[09:58:36] [ServerMain/INFO]: [MCTypeRegistry] Finished initialising converters for DataConverter in 365,0ms
[09:58:36] [Server thread/INFO]: Starting minecraft server version 1.21.4
[09:58:36] [Server thread/INFO]: Loading properties
[09:58:36] [Server thread/INFO]: This server is running Paper version 1.21.4-182-main@fc56c72 (2025-02-25T21:29:31Z) (Implementing API version 1.21.4-R0.1-SNAPSHOT)
[09:58:36] [Server thread/INFO]: [spark] This server bundles the spark profiler. For more information please visit https://docs.papermc.io/paper/profiling
[09:58:36] [Server thread/INFO]: Using 4 threads for Netty based IO
[09:58:37] [Server thread/INFO]: Server Ping Player Sample Count: 12
[09:58:37] [Server thread/INFO]: [MoonriseCommon] Paper is using 4 worker threads, 1 I/O threads
[09:58:37] [Server thread/INFO]: [ChunkTaskScheduler] Chunk system is using population gen parallelism: true
[09:58:38] [Server thread/INFO]: Default game type: SURVIVAL
[09:58:38] [Server thread/INFO]: Generating keypair
[09:58:38] [Server thread/INFO]: Starting Minecraft server on *:25565
[09:58:38] [Server thread/INFO]: Using default channel type
[09:58:38] [Server thread/INFO]: Paper: Using Java compression from Velocity.
[09:58:38] [Server thread/INFO]: Paper: Using Java cipher from Velocity.
[09:58:38] [Server thread/INFO]: Preparing level "world"
[09:58:44] [Server thread/INFO]: Preparing start region for dimension minecraft:overworld
[09:58:44] [Server thread/INFO]: Preparing spawn area: 2%
[09:58:44] [Server thread/INFO]: Preparing spawn area: 2%
[09:58:45] [Server thread/INFO]: Preparing spawn area: 8%
[09:58:47] [Server thread/INFO]: Preparing spawn area: 10%
[09:58:47] [Server thread/INFO]: Preparing spawn area: 10%
[09:58:47] [Server thread/INFO]: Preparing spawn area: 10%
[09:58:47] [Server thread/INFO]: Preparing spawn area: 10%
[09:58:47] [Server thread/INFO]: Time elapsed: 3425 ms
[09:58:47] [Server thread/INFO]: Preparing start region for dimension minecraft:the_nether
[09:58:47] [Server thread/INFO]: Preparing spawn area: 2%
[09:58:48] [Server thread/INFO]: Preparing spawn area: 28%
[09:58:48] [Server thread/INFO]: Time elapsed: 707 ms
[09:58:48] [Server thread/INFO]: Preparing start region for dimension minecraft:the_end
[09:58:48] [Server thread/INFO]: Preparing spawn area: 2%
[09:58:48] [Server thread/INFO]: Time elapsed: 236 ms
[09:58:48] [Server thread/INFO]: [spark] Starting background profiler...
[09:58:49] [Server thread/INFO]: [spark] The async-profiler engine is not supported for your os/arch (windows11/amd64), so the built-in Java engine will be used instead.
[09:58:49] [Server thread/INFO]: Done preparing level "world" (10.411s)
[09:58:49] [Server thread/INFO]: Running delayed init tasks
[09:58:49] [Server thread/INFO]: Done (28.269s)! For help, type "help"
[09:58:49] [Server thread/INFO]: *************************************************************************************
[09:58:49] [Server thread/INFO]: This is the first time you're starting this server.
[09:58:49] [Server thread/INFO]: It's recommended you read our 'Getting Started' documentation for guidance.
[09:58:49] [Server thread/INFO]: View this and more helpful information here: https://docs.papermc.io/paper/next-steps
[09:58:49] [Server thread/INFO]: *************************************************************************************
[09:59:50] [User Authenticator #0/INFO]: UUID of player deathfights is 8b7d9b99-7779-49a9-a114-bd9eaea937d0
[09:59:51] [Server thread/INFO]: deathfights joined the game
[09:59:51] [Server thread/INFO]: deathfights[/127.0.0.1:35895] logged in with entity id 50 at ([world]-37.5, 69.0, 32.5)
[10:00:10] [Server thread/INFO]: deathfights lost connection: Disconnected
[10:00:10] [Server thread/INFO]: deathfights left the game
[10:00:45] [Server thread/INFO]: Stopping the server
[10:00:45] [Server thread/INFO]: Stopping server
[10:00:45] [Server thread/INFO]: Saving players
[10:00:45] [Server thread/INFO]: Saving worlds
[10:00:45] [Server thread/INFO]: Saving chunks for level 'ServerLevel[world]'/minecraft:overworld
[10:00:45] [Server thread/INFO]: [ChunkHolderManager] Waiting 60s for chunk system to halt for world 'world'
[10:00:45] [Server thread/INFO]: [ChunkHolderManager] Halted chunk system for world 'world'
[10:00:45] [Server thread/INFO]: [ChunkHolderManager] Saving all chunkholders for world 'world'
[10:00:46] [Server thread/INFO]: [ChunkHolderManager] Saved 841 block chunks, 652 entity chunks, 22 poi chunks in world 'world' in 0,77s
[10:00:46] [Server thread/INFO]: [ChunkHolderManager] Waiting 60s for chunk I/O to halt for world 'world'
[10:00:46] [Server thread/INFO]: [ChunkHolderManager] Halted I/O scheduler for world 'world'
[10:00:46] [Server thread/INFO]: Saving chunks for level 'ServerLevel[world_nether]'/minecraft:the_nether
[10:00:46] [Server thread/INFO]: [ChunkHolderManager] Waiting 60s for chunk system to halt for world 'world_nether'
[10:00:46] [Server thread/INFO]: [ChunkHolderManager] Halted chunk system for world 'world_nether'
[10:00:46] [Server thread/INFO]: [ChunkHolderManager] Saving all chunkholders for world 'world_nether'
[10:00:46] [Server thread/INFO]: [ChunkHolderManager] Saved 841 block chunks, 49 entity chunks, 0 poi chunks in world 'world_nether' in 0,22s
[10:00:46] [Server thread/INFO]: [ChunkHolderManager] Waiting 60s for chunk I/O to halt for world 'world_nether'
[10:00:46] [Server thread/INFO]: [ChunkHolderManager] Halted I/O scheduler for world 'world_nether'
[10:00:46] [Server thread/INFO]: Saving chunks for level 'ServerLevel[world_the_end]'/minecraft:the_end
[10:00:46] [Server thread/INFO]: [ChunkHolderManager] Waiting 60s for chunk system to halt for world 'world_the_end'
[10:00:46] [Server thread/INFO]: [ChunkHolderManager] Halted chunk system for world 'world_the_end'
[10:00:46] [Server thread/INFO]: [ChunkHolderManager] Saving all chunkholders for world 'world_the_end'
[10:00:47] [Server thread/INFO]: [ChunkHolderManager] Saved 841 block chunks, 49 entity chunks, 0 poi chunks in world 'world_the_end' in 0,25s
[10:00:47] [Server thread/INFO]: [ChunkHolderManager] Waiting 60s for chunk I/O to halt for world 'world_the_end'
[10:00:47] [Server thread/INFO]: [ChunkHolderManager] Halted I/O scheduler for world 'world_the_end'
[10:00:47] [Server thread/INFO]: ThreadedAnvilChunkStorage (world): All chunks are saved
[10:00:47] [Server thread/INFO]: ThreadedAnvilChunkStorage (DIM-1): All chunks are saved
[10:00:47] [Server thread/INFO]: ThreadedAnvilChunkStorage (DIM1): All chunks are saved
[10:00:47] [Server thread/INFO]: ThreadedAnvilChunkStorage: All dimensions are saved
[10:00:47] [Server thread/INFO]: Waiting for I/O tasks to complete...
[10:00:47] [Server thread/INFO]: All I/O tasks to complete
[10:00:47] [Server thread/INFO]: [MoonriseCommon] Awaiting termination of worker pool for up to 60s...
[10:00:47] [Server thread/INFO]: [MoonriseCommon] Awaiting termination of I/O pool for up to 60s...
